app/build/intermediates/manifest_merge_blame_file/debug/manifest-merger-blame-debug-report.txt
1<?xml version="1.0" encoding="utf-8"?>
2<manifest xmlns:android="http://schemas.android.com/apk/res/android"
3    package="com.justice.shopmanagement"
4    android:versionCode="1"
5    android:versionName="1.0" >
6
7    <uses-sdk
8        android:minSdkVersion="29"
9        android:targetSdkVersion="29" />
10
11    <uses-permission android:name="android.permission.READ_EXTERNAL_STORAGE" />
11-->src/main/AndroidManifest.xml:5:5-80
11-->src/main/AndroidManifest.xml:5:22-77
12    <uses-permission android:name="android.permission.WRITE_EXTERNAL_STORAGE" />
12-->src/main/AndroidManifest.xml:6:5-81
12-->src/main/AndroidManifest.xml:6:22-78
13    <uses-permission android:name="android.permission.INTERNET" />
13-->src/main/AndroidManifest.xml:7:1-62
13-->src/main/AndroidManifest.xml:7:18-60
14    <uses-permission android:name="android.permission.REORDER_TASKS" />
14-->[androidx.fragment:fragment-testing:1.3.0-alpha08] AndroidManifest.xml:25:5-72
14-->[androidx.fragment:fragment-testing:1.3.0-alpha08] AndroidManifest.xml:25:22-69
15
16    <application
16-->src/main/AndroidManifest.xml:8:5-33:19
17        android:name="com.justice.shopmanagement.alldata.ApplicationClass"
17-->src/main/AndroidManifest.xml:15:9-49
18        android:allowBackup="true"
18-->src/main/AndroidManifest.xml:9:9-35
19        android:appComponentFactory="androidx.core.app.CoreComponentFactory"
19-->[androidx.core:core:1.3.0] AndroidManifest.xml:24:18-86
20        android:debuggable="true"
21        android:extractNativeLibs="false"
22        android:icon="@drawable/ic_shopping_cart"
22-->src/main/AndroidManifest.xml:10:9-50
23        android:label="@string/app_name"
23-->src/main/AndroidManifest.xml:11:9-41
24        android:roundIcon="@drawable/ic_shopping_cart"
24-->src/main/AndroidManifest.xml:12:9-55
25        android:supportsRtl="true"
25-->src/main/AndroidManifest.xml:13:9-35
26        android:testOnly="true"
27        android:theme="@style/AppTheme"
27-->src/main/AndroidManifest.xml:14:9-40
28        android:usesCleartextTraffic="true" >
28-->src/main/AndroidManifest.xml:16:9-44
29        <activity
29-->src/debug/AndroidManifest.xml:6:9-7:40
30            android:name="com.justice.shopmanagement.HiltTestActivity"
30-->src/debug/AndroidManifest.xml:6:19-51
31            android:exported="false" />
31-->src/debug/AndroidManifest.xml:7:13-37
32        <activity android:name="com.justice.shopmanagement.ui.MainActivity" >
32-->src/main/AndroidManifest.xml:20:9-26:20
32-->src/main/AndroidManifest.xml:20:19-50
33            <intent-filter>
33-->src/main/AndroidManifest.xml:21:13-25:29
34                <action android:name="android.intent.action.MAIN" />
34-->src/main/AndroidManifest.xml:22:17-69
34-->src/main/AndroidManifest.xml:22:25-66
35
36                <category android:name="android.intent.category.LAUNCHER" />
36-->src/main/AndroidManifest.xml:24:17-77
36-->src/main/AndroidManifest.xml:24:27-74
37            </intent-filter>
38        </activity>
39        <activity android:name="com.justice.shopmanagement.AddGoodsActivity" />
39-->src/main/AndroidManifest.xml:28:9-54
39-->src/main/AndroidManifest.xml:28:19-51
40        <activity
40-->src/main/AndroidManifest.xml:29:9-30:45
41            android:name="com.justice.shopmanagement.out_of_stock.OutOfStockActivity"
41-->src/main/AndroidManifest.xml:29:19-66
42            android:launchMode="singleTop" />
42-->src/main/AndroidManifest.xml:30:13-43
43        <activity
43-->src/main/AndroidManifest.xml:31:9-32:45
44            android:name="com.justice.shopmanagement.charges.ChargesActivity"
44-->src/main/AndroidManifest.xml:31:19-58
45            android:launchMode="singleTop" />
45-->src/main/AndroidManifest.xml:32:13-43
46        <activity
46-->[androidx.fragment:fragment-testing:1.3.0-alpha08] AndroidManifest.xml:28:9-37:20
47            android:name="androidx.fragment.app.testing.FragmentScenario$EmptyFragmentActivity"
47-->[androidx.fragment:fragment-testing:1.3.0-alpha08] AndroidManifest.xml:29:13-96
48            android:exported="true"
48-->[androidx.fragment:fragment-testing:1.3.0-alpha08] AndroidManifest.xml:30:13-36
49            android:multiprocess="true"
49-->[androidx.fragment:fragment-testing:1.3.0-alpha08] AndroidManifest.xml:31:13-40
50            android:taskAffinity=""
50-->[androidx.fragment:fragment-testing:1.3.0-alpha08] AndroidManifest.xml:32:13-36
51            android:theme="@style/FragmentScenarioEmptyFragmentActivityTheme" >
51-->[androidx.fragment:fragment-testing:1.3.0-alpha08] AndroidManifest.xml:33:13-78
52            <intent-filter>
52-->[androidx.fragment:fragment-testing:1.3.0-alpha08] AndroidManifest.xml:34:13-36:29
53                <action android:name="android.intent.action.MAIN" />
53-->src/main/AndroidManifest.xml:22:17-69
53-->src/main/AndroidManifest.xml:22:25-66
54            </intent-filter>
55        </activity>
56
57        <service
57-->[androidx.room:room-runtime:2.2.5] AndroidManifest.xml:25:9-28:40
58            android:name="androidx.room.MultiInstanceInvalidationService"
58-->[androidx.room:room-runtime:2.2.5] AndroidManifest.xml:26:13-74
59            android:directBootAware="true"
59-->[androidx.room:room-runtime:2.2.5] AndroidManifest.xml:27:13-43
60            android:exported="false" />
60-->[androidx.room:room-runtime:2.2.5] AndroidManifest.xml:28:13-37
61
62        <activity
62-->[androidx.test:core:1.3.0-rc01] AndroidManifest.xml:27:9-33:20
63            android:name="androidx.test.core.app.InstrumentationActivityInvoker$BootstrapActivity"
63-->[androidx.test:core:1.3.0-rc01] AndroidManifest.xml:28:13-99
64            android:theme="@android:style/Theme" >
64-->[androidx.test:core:1.3.0-rc01] AndroidManifest.xml:29:13-49
65            <intent-filter>
65-->[androidx.fragment:fragment-testing:1.3.0-alpha08] AndroidManifest.xml:34:13-36:29
66                <action android:name="android.intent.action.MAIN" />
66-->src/main/AndroidManifest.xml:22:17-69
66-->src/main/AndroidManifest.xml:22:25-66
67            </intent-filter>
68        </activity>
69        <activity
69-->[androidx.test:core:1.3.0-rc01] AndroidManifest.xml:34:9-40:20
70            android:name="androidx.test.core.app.InstrumentationActivityInvoker$EmptyActivity"
70-->[androidx.test:core:1.3.0-rc01] AndroidManifest.xml:35:13-95
71            android:theme="@android:style/Theme" >
71-->[androidx.test:core:1.3.0-rc01] AndroidManifest.xml:36:13-49
72            <intent-filter>
72-->[androidx.fragment:fragment-testing:1.3.0-alpha08] AndroidManifest.xml:34:13-36:29
73                <action android:name="android.intent.action.MAIN" />
73-->src/main/AndroidManifest.xml:22:17-69
73-->src/main/AndroidManifest.xml:22:25-66
74            </intent-filter>
75        </activity>
76        <activity
76-->[androidx.test:core:1.3.0-rc01] AndroidManifest.xml:41:9-47:20
77            android:name="androidx.test.core.app.InstrumentationActivityInvoker$EmptyFloatingActivity"
77-->[androidx.test:core:1.3.0-rc01] AndroidManifest.xml:42:13-103
78            android:theme="@android:style/Theme.Dialog" >
78-->[androidx.test:core:1.3.0-rc01] AndroidManifest.xml:43:13-56
79            <intent-filter>
79-->[androidx.fragment:fragment-testing:1.3.0-alpha08] AndroidManifest.xml:34:13-36:29
80                <action android:name="android.intent.action.MAIN" />
80-->src/main/AndroidManifest.xml:22:17-69
80-->src/main/AndroidManifest.xml:22:25-66
81            </intent-filter>
82        </activity>
83
84        <provider
84-->[androidx.lifecycle:lifecycle-process:2.2.0] AndroidManifest.xml:25:9-29:43
85            android:name="androidx.lifecycle.ProcessLifecycleOwnerInitializer"
85-->[androidx.lifecycle:lifecycle-process:2.2.0] AndroidManifest.xml:26:13-79
86            android:authorities="com.justice.shopmanagement.lifecycle-process"
86-->[androidx.lifecycle:lifecycle-process:2.2.0] AndroidManifest.xml:27:13-69
87            android:exported="false"
87-->[androidx.lifecycle:lifecycle-process:2.2.0] AndroidManifest.xml:28:13-37
88            android:multiprocess="true" />
88-->[androidx.lifecycle:lifecycle-process:2.2.0] AndroidManifest.xml:29:13-40
89    </application>
90
91</manifest>